<?xml version="1.0" encoding="UTF-8"?>
<!-- Generated by org.testng.reporters.JUnitReportReporter -->
<testsuite hostname="patapl-J4R5HC2" name="com.xavient.chatbot.e2etests.LoginE2ETest" tests="1" failures="0" timestamp="7 Jan 2019 20:06:12 GMT" time="0.476" errors="0">
  <testcase name="login" time="0.476" classname="com.xavient.chatbot.e2etests.LoginE2ETest"/>
</testsuite> <!-- com.xavient.chatbot.e2etests.LoginE2ETest -->
